Using pre-set license
Built from '2020.3/staging' branch; Version is '2020.3.9f1 (108be757e447) revision 1084391'; Using compiler version '192528614'; Build Type 'Release'
OS: 'Windows 10 Pro; OS build 19042.985; Version 2009; 64bit' Language: 'en' Physical Memory: 16335 MB
BatchMode: 1, IsHumanControllingUs: 0, StartBugReporterOnCrash: 0, Is64bit: 1, IsPro: 0

 COMMAND LINE ARGUMENTS:
F:\Unity\Editor\2020.3.9f1\Editor\Unity.exe
-adb2
-batchMode
-noUpm
-name
AssetImportWorker0
-projectPath
E:/Projects/GitHub/GameDev.tv/Text101/Text101
-logFile
Logs/AssetImportWorker0.log
-srvPort
53411
Successfully changed project path to: E:/Projects/GitHub/GameDev.tv/Text101/Text101
E:/Projects/GitHub/GameDev.tv/Text101/Text101
Using Asset Import Pipeline V2.
Refreshing native plugins compatible for Editor in 28.21 ms, found 0 plugins.
Preloading 0 native plugins for Editor in 0.00 ms.
Initialize engine version: 2020.3.9f1 (108be757e447)
[Subsystems] Discovering subsystems at path F:/Unity/Editor/2020.3.9f1/Editor/Data/Resources/UnitySubsystems
[Subsystems] Discovering subsystems at path E:/Projects/GitHub/GameDev.tv/Text101/Text101/Assets
GfxDevice: creating device client; threaded=0
Direct3D:
    Version:  Direct3D 11.0 [level 11.1]
    Renderer: NVIDIA GeForce GTX 970 (ID=0x13c2)
    Vendor:   
    VRAM:     4043 MB
    Driver:   27.21.14.6627
Initialize mono
Mono path[0] = 'F:/Unity/Editor/2020.3.9f1/Editor/Data/Managed'
Mono path[1] = 'F:/Unity/Editor/2020.3.9f1/Editor/Data/MonoBleedingEdge/lib/mono/unityjit'
Mono config path = 'F:/Unity/Editor/2020.3.9f1/Editor/Data/MonoBleedingEdge/etc'
Using monoOptions --debugger-agent=transport=dt_socket,embedding=1,server=y,suspend=n,address=127.0.0.1:56356
Begin MonoManager ReloadAssembly
Registering precompiled unity dll's ...
Register platform support module: F:/Unity/Editor/2020.3.9f1/Editor/Data/PlaybackEngines/WebGLSupport/UnityEditor.WebGL.Extensions.dll
Register platform support module: F:/Unity/Editor/2020.3.9f1/Editor/Data/PlaybackEngines/WindowsStandaloneSupport/UnityEditor.WindowsStandalone.Extensions.dll
Registered in 0.001990 seconds.
Native extension for WindowsStandalone target not found
Native extension for WebGL target not found
Refreshing native plugins compatible for Editor in 30.98 ms, found 0 plugins.
Preloading 0 native plugins for Editor in 0.00 ms.
Mono: successfully reloaded assembly
- Completed reload, in  3.801 seconds
Platform modules already initialized, skipping
Registering precompiled user dll's ...
Registered in 0.001402 seconds.
Begin MonoManager ReloadAssembly
Native extension for WindowsStandalone target not found
Native extension for WebGL target not found
Refreshing native plugins compatible for Editor in 0.25 ms, found 0 plugins.
Preloading 0 native plugins for Editor in 0.00 ms.
Mono: successfully reloaded assembly
- Completed reload, in  1.186 seconds
Platform modules already initialized, skipping
========================================================================
Worker process is ready to serve import requests
Launched and connected shader compiler UnityShaderCompiler.exe after 0.07 seconds
Refreshing native plugins compatible for Editor in 0.22 ms, found 0 plugins.
Preloading 0 native plugins for Editor in 0.00 ms.
Unloading 1115 Unused Serialized files (Serialized files now loaded: 0)
System memory in use before: 57.1 MB.
System memory in use after: 57.1 MB.

Unloading 10 unused Assets to reduce memory usage. Loaded Objects now: 1558.
Total: 1.793300 ms (FindLiveObjects: 0.151600 ms CreateObjectMapping: 0.029500 ms MarkObjects: 1.520800 ms  DeleteObjects: 0.090200 ms)

========================================================================
Received Import Request.
  path: Assets
  artifactKey: Guid(00000000000000001000000000000000) Importer(815301076,1909f56bfc062723c751e8b465ee728b)
Start importing Assets using Guid(00000000000000001000000000000000) Importer(815301076,1909f56bfc062723c751e8b465ee728b)  -> (artifact id: '42d402b061de3733987d63b9cc3b64de') in 0.005096 seconds
  Import took 1.050717 seconds .

========================================================================
Received Import Request.
  Time since last request: 1164.530902 seconds.
  path: Assets/AdventureGame.cs
  artifactKey: Guid(b7e44910f24c2f340a1e18cb60f45aa3) Importer(815301076,1909f56bfc062723c751e8b465ee728b)
Start importing Assets/AdventureGame.cs using Guid(b7e44910f24c2f340a1e18cb60f45aa3) Importer(815301076,1909f56bfc062723c751e8b465ee728b)  -> (artifact id: '8ccc40dc7b7273b30be2bfa7cf3732e0') in 0.311094 seconds
  Import took 0.329770 seconds .

========================================================================
Received Prepare
Registering precompiled user dll's ...
Registered in 0.001206 seconds.
Begin MonoManager ReloadAssembly
Native extension for WindowsStandalone target not found
Native extension for WebGL target not found
Refreshing native plugins compatible for Editor in 0.24 ms, found 0 plugins.
Preloading 0 native plugins for Editor in 0.00 ms.
Mono: successfully reloaded assembly
- Completed reload, in  1.073 seconds
Platform modules already initialized, skipping
Refreshing native plugins compatible for Editor in 0.36 ms, found 0 plugins.
Preloading 0 native plugins for Editor in 0.00 ms.
Unloading 1111 Unused Serialized files (Serialized files now loaded: 0)
System memory in use before: 57.1 MB.
System memory in use after: 57.1 MB.

Unloading 5 unused Assets to reduce memory usage. Loaded Objects now: 1562.
Total: 1.721000 ms (FindLiveObjects: 0.159400 ms CreateObjectMapping: 0.029700 ms MarkObjects: 1.468000 ms  DeleteObjects: 0.062400 ms)

========================================================================
Received Prepare
Registering precompiled user dll's ...
Registered in 0.001866 seconds.
Begin MonoManager ReloadAssembly
Native extension for WindowsStandalone target not found
Native extension for WebGL target not found
Refreshing native plugins compatible for Editor in 0.23 ms, found 0 plugins.
Preloading 0 native plugins for Editor in 0.00 ms.
Mono: successfully reloaded assembly
- Completed reload, in  1.063 seconds
Platform modules already initialized, skipping
Refreshing native plugins compatible for Editor in 0.22 ms, found 0 plugins.
Preloading 0 native plugins for Editor in 0.00 ms.
Unloading 1111 Unused Serialized files (Serialized files now loaded: 0)
System memory in use before: 57.1 MB.
System memory in use after: 57.1 MB.

Unloading 5 unused Assets to reduce memory usage. Loaded Objects now: 1565.
Total: 1.848300 ms (FindLiveObjects: 0.179400 ms CreateObjectMapping: 0.031300 ms MarkObjects: 1.515000 ms  DeleteObjects: 0.121100 ms)

========================================================================
Received Import Request.
  Time since last request: 1198.993144 seconds.
  path: Assets/AdventureGame.cs
  artifactKey: Guid(b7e44910f24c2f340a1e18cb60f45aa3) Importer(815301076,1909f56bfc062723c751e8b465ee728b)
Start importing Assets/AdventureGame.cs using Guid(b7e44910f24c2f340a1e18cb60f45aa3) Importer(815301076,1909f56bfc062723c751e8b465ee728b)  -> (artifact id: '627279c8a675e123c8a5eaaec5b2a7a9') in 0.005078 seconds
  Import took 0.007127 seconds .

========================================================================
Received Prepare
Registering precompiled user dll's ...
Registered in 0.001363 seconds.
Begin MonoManager ReloadAssembly
Native extension for WindowsStandalone target not found
Native extension for WebGL target not found
Refreshing native plugins compatible for Editor in 0.25 ms, found 0 plugins.
Preloading 0 native plugins for Editor in 0.00 ms.
Mono: successfully reloaded assembly
- Completed reload, in  1.044 seconds
Platform modules already initialized, skipping
Refreshing native plugins compatible for Editor in 0.23 ms, found 0 plugins.
Preloading 0 native plugins for Editor in 0.00 ms.
Unloading 1111 Unused Serialized files (Serialized files now loaded: 0)
System memory in use before: 57.1 MB.
System memory in use after: 57.2 MB.

Unloading 5 unused Assets to reduce memory usage. Loaded Objects now: 1568.
Total: 1.724400 ms (FindLiveObjects: 0.149600 ms CreateObjectMapping: 0.029300 ms MarkObjects: 1.471300 ms  DeleteObjects: 0.072600 ms)

========================================================================
Received Import Request.
  Time since last request: 150240.755507 seconds.
  path: Assets/AdventureGame.cs
  artifactKey: Guid(b7e44910f24c2f340a1e18cb60f45aa3) Importer(815301076,1909f56bfc062723c751e8b465ee728b)
Start importing Assets/AdventureGame.cs using Guid(b7e44910f24c2f340a1e18cb60f45aa3) Importer(815301076,1909f56bfc062723c751e8b465ee728b)  -> (artifact id: '62c3ef807466d4794cb4bf01d523755a') in 3.773701 seconds
  Import took 4.778826 seconds .

========================================================================
Received Import Request.
  Time since last request: 206.431548 seconds.
  path: Assets/First Stage.txt
  artifactKey: Guid(5ce381bc8a7cb254a87b9bcf01591fbf) Importer(815301076,1909f56bfc062723c751e8b465ee728b)
Start importing Assets/First Stage.txt using Guid(5ce381bc8a7cb254a87b9bcf01591fbf) Importer(815301076,1909f56bfc062723c751e8b465ee728b)  -> (artifact id: '382ee1fd2dc335174626df1c241fcff2') in 29.577145 seconds
  Import took 29.624177 seconds .

========================================================================
Received Import Request.
  Time since last request: 0.000234 seconds.
  path: Assets/State.cs
  artifactKey: Guid(29657be082d5b604f8a788978cfa7bdd) Importer(815301076,1909f56bfc062723c751e8b465ee728b)
Start importing Assets/State.cs using Guid(29657be082d5b604f8a788978cfa7bdd) Importer(815301076,1909f56bfc062723c751e8b465ee728b)  -> (artifact id: 'ed9aa7ea1f24ab10ac1cafcc910bfe3f') in 0.039835 seconds
  Import took 0.061540 seconds .

========================================================================
Received Prepare
Registering precompiled user dll's ...
Registered in 0.001417 seconds.
Begin MonoManager ReloadAssembly
Native extension for WindowsStandalone target not found
Native extension for WebGL target not found
Refreshing native plugins compatible for Editor in 0.26 ms, found 0 plugins.
Preloading 0 native plugins for Editor in 0.00 ms.
Mono: successfully reloaded assembly
- Completed reload, in  3.816 seconds
Platform modules already initialized, skipping
Refreshing native plugins compatible for Editor in 0.40 ms, found 0 plugins.
Preloading 0 native plugins for Editor in 0.00 ms.
Unloading 1112 Unused Serialized files (Serialized files now loaded: 0)
System memory in use before: 57.1 MB.
System memory in use after: 57.2 MB.

Unloading 5 unused Assets to reduce memory usage. Loaded Objects now: 1572.
Total: 2.030200 ms (FindLiveObjects: 0.167300 ms CreateObjectMapping: 0.029500 ms MarkObjects: 1.720100 ms  DeleteObjects: 0.111000 ms)

========================================================================
Received Prepare
Registering precompiled user dll's ...
Registered in 0.001361 seconds.
Begin MonoManager ReloadAssembly
Native extension for WindowsStandalone target not found
Native extension for WebGL target not found
Refreshing native plugins compatible for Editor in 0.24 ms, found 0 plugins.
Preloading 0 native plugins for Editor in 0.00 ms.
Mono: successfully reloaded assembly
- Completed reload, in  1.274 seconds
Platform modules already initialized, skipping
Refreshing native plugins compatible for Editor in 0.23 ms, found 0 plugins.
Preloading 0 native plugins for Editor in 0.00 ms.
Unloading 1112 Unused Serialized files (Serialized files now loaded: 0)
System memory in use before: 57.1 MB.
System memory in use after: 57.2 MB.

Unloading 5 unused Assets to reduce memory usage. Loaded Objects now: 1575.
Total: 2.106900 ms (FindLiveObjects: 0.230900 ms CreateObjectMapping: 0.038900 ms MarkObjects: 1.772600 ms  DeleteObjects: 0.062500 ms)

========================================================================
Received Import Request.
  Time since last request: 858.632514 seconds.
  path: Assets/State.cs
  artifactKey: Guid(29657be082d5b604f8a788978cfa7bdd) Importer(815301076,1909f56bfc062723c751e8b465ee728b)
Start importing Assets/State.cs using Guid(29657be082d5b604f8a788978cfa7bdd) Importer(815301076,1909f56bfc062723c751e8b465ee728b)  -> (artifact id: '88f4b3494616169f7c20ba3bb66ce34d') in 0.027613 seconds
  Import took 0.033745 seconds .

========================================================================
Received Import Request.
  Time since last request: 90.700058 seconds.
  path: Assets/Starting State.asset
  artifactKey: Guid(e7e68ea2b38538140b077022a0e5dd29) Importer(815301076,1909f56bfc062723c751e8b465ee728b)
Start importing Assets/Starting State.asset using Guid(e7e68ea2b38538140b077022a0e5dd29) Importer(815301076,1909f56bfc062723c751e8b465ee728b)  -> (artifact id: '52dbbeb589187dfabe52a67e17989c0d') in 0.109633 seconds
  Import took 0.136924 seconds .

========================================================================
Received Prepare
Registering precompiled user dll's ...
Registered in 0.001188 seconds.
Begin MonoManager ReloadAssembly
Native extension for WindowsStandalone target not found
Native extension for WebGL target not found
Refreshing native plugins compatible for Editor in 0.67 ms, found 0 plugins.
Preloading 0 native plugins for Editor in 0.00 ms.
Mono: successfully reloaded assembly
- Completed reload, in  1.088 seconds
Platform modules already initialized, skipping
Refreshing native plugins compatible for Editor in 0.25 ms, found 0 plugins.
Preloading 0 native plugins for Editor in 0.00 ms.
Unloading 1112 Unused Serialized files (Serialized files now loaded: 0)
System memory in use before: 57.2 MB.
System memory in use after: 57.2 MB.

Unloading 5 unused Assets to reduce memory usage. Loaded Objects now: 1578.
Total: 1.870400 ms (FindLiveObjects: 0.176200 ms CreateObjectMapping: 0.033100 ms MarkObjects: 1.599900 ms  DeleteObjects: 0.059800 ms)

========================================================================
Received Import Request.
  Time since last request: 341.611260 seconds.
  path: Assets/State.cs
  artifactKey: Guid(29657be082d5b604f8a788978cfa7bdd) Importer(815301076,1909f56bfc062723c751e8b465ee728b)
Start importing Assets/State.cs using Guid(29657be082d5b604f8a788978cfa7bdd) Importer(815301076,1909f56bfc062723c751e8b465ee728b)  -> (artifact id: 'd235cc90d1f32274b332ca9c4df289cf') in 0.014139 seconds
  Import took 0.045804 seconds .

========================================================================
Received Import Request.
  Time since last request: 52.698385 seconds.
  path: Assets/Starting State.asset
  artifactKey: Guid(e7e68ea2b38538140b077022a0e5dd29) Importer(815301076,1909f56bfc062723c751e8b465ee728b)
Start importing Assets/Starting State.asset using Guid(e7e68ea2b38538140b077022a0e5dd29) Importer(815301076,1909f56bfc062723c751e8b465ee728b)  -> (artifact id: 'a78d684a544bc0ae515f4838dcc8d19d') in 0.032785 seconds
  Import took 0.035766 seconds .

========================================================================
Received Prepare
Registering precompiled user dll's ...
Registered in 0.001671 seconds.
Begin MonoManager ReloadAssembly
Native extension for WindowsStandalone target not found
Native extension for WebGL target not found
Refreshing native plugins compatible for Editor in 0.54 ms, found 0 plugins.
Preloading 0 native plugins for Editor in 0.00 ms.
Mono: successfully reloaded assembly
- Completed reload, in  1.252 seconds
Platform modules already initialized, skipping
Refreshing native plugins compatible for Editor in 0.23 ms, found 0 plugins.
Preloading 0 native plugins for Editor in 0.00 ms.
Unloading 1112 Unused Serialized files (Serialized files now loaded: 0)
System memory in use before: 57.2 MB.
System memory in use after: 57.2 MB.

Unloading 5 unused Assets to reduce memory usage. Loaded Objects now: 1581.
Total: 2.010000 ms (FindLiveObjects: 0.202800 ms CreateObjectMapping: 0.032600 ms MarkObjects: 1.696600 ms  DeleteObjects: 0.076700 ms)

========================================================================
Received Prepare
Registering precompiled user dll's ...
Registered in 0.001283 seconds.
Begin MonoManager ReloadAssembly
Native extension for WindowsStandalone target not found
Native extension for WebGL target not found
Refreshing native plugins compatible for Editor in 0.23 ms, found 0 plugins.
Preloading 0 native plugins for Editor in 0.00 ms.
Mono: successfully reloaded assembly
- Completed reload, in  1.135 seconds
Platform modules already initialized, skipping
Refreshing native plugins compatible for Editor in 0.24 ms, found 0 plugins.
Preloading 0 native plugins for Editor in 0.00 ms.
Unloading 1112 Unused Serialized files (Serialized files now loaded: 0)
System memory in use before: 57.2 MB.
System memory in use after: 57.2 MB.

Unloading 5 unused Assets to reduce memory usage. Loaded Objects now: 1584.
Total: 1.971400 ms (FindLiveObjects: 0.163200 ms CreateObjectMapping: 0.030600 ms MarkObjects: 1.674300 ms  DeleteObjects: 0.101800 ms)

========================================================================
Received Prepare
Registering precompiled user dll's ...
Registered in 0.001296 seconds.
Begin MonoManager ReloadAssembly
Native extension for WindowsStandalone target not found
Native extension for WebGL target not found
Refreshing native plugins compatible for Editor in 0.36 ms, found 0 plugins.
Preloading 0 native plugins for Editor in 0.00 ms.
Mono: successfully reloaded assembly
- Completed reload, in  1.127 seconds
Platform modules already initialized, skipping
Refreshing native plugins compatible for Editor in 0.22 ms, found 0 plugins.
Preloading 0 native plugins for Editor in 0.00 ms.
Unloading 1112 Unused Serialized files (Serialized files now loaded: 0)
System memory in use before: 57.2 MB.
System memory in use after: 57.2 MB.

Unloading 5 unused Assets to reduce memory usage. Loaded Objects now: 1587.
Total: 1.683500 ms (FindLiveObjects: 0.136200 ms CreateObjectMapping: 0.029200 ms MarkObjects: 1.463300 ms  DeleteObjects: 0.053600 ms)

========================================================================
Received Import Request.
  Time since last request: 3019.824198 seconds.
  path: Assets/Room 1.asset
  artifactKey: Guid(e1a44ae1f78dc7d43a5b277fe44d9608) Importer(815301076,1909f56bfc062723c751e8b465ee728b)
Start importing Assets/Room 1.asset using Guid(e1a44ae1f78dc7d43a5b277fe44d9608) Importer(815301076,1909f56bfc062723c751e8b465ee728b)  -> (artifact id: '25625a6c6c2036cd0bafdc349fc9f85f') in 0.022278 seconds
  Import took 0.040076 seconds .

========================================================================
Received Import Request.
  Time since last request: 11.641400 seconds.
  path: Assets/Room 2.asset
  artifactKey: Guid(ea102a67907df214f8a4d58c52ee2727) Importer(815301076,1909f56bfc062723c751e8b465ee728b)
Start importing Assets/Room 2.asset using Guid(ea102a67907df214f8a4d58c52ee2727) Importer(815301076,1909f56bfc062723c751e8b465ee728b)  -> (artifact id: '1a21f8233bc40bfe2cd8742b601c0dde') in 0.011546 seconds
  Import took 0.036536 seconds .

========================================================================
Received Prepare
Registering precompiled user dll's ...
Registered in 0.001687 seconds.
Begin MonoManager ReloadAssembly
Native extension for WindowsStandalone target not found
Native extension for WebGL target not found
Refreshing native plugins compatible for Editor in 0.33 ms, found 0 plugins.
Preloading 0 native plugins for Editor in 0.00 ms.
Mono: successfully reloaded assembly
- Completed reload, in  1.145 seconds
Platform modules already initialized, skipping
Refreshing native plugins compatible for Editor in 0.25 ms, found 0 plugins.
Preloading 0 native plugins for Editor in 0.00 ms.
Unloading 1112 Unused Serialized files (Serialized files now loaded: 0)
System memory in use before: 57.2 MB.
System memory in use after: 57.2 MB.

Unloading 5 unused Assets to reduce memory usage. Loaded Objects now: 1590.
Total: 2.343500 ms (FindLiveObjects: 0.295900 ms CreateObjectMapping: 0.055700 ms MarkObjects: 1.923300 ms  DeleteObjects: 0.066500 ms)

========================================================================
Received Import Request.
  Time since last request: 5274.885500 seconds.
  path: Assets/AdventureGame.cs
  artifactKey: Guid(b7e44910f24c2f340a1e18cb60f45aa3) Importer(815301076,1909f56bfc062723c751e8b465ee728b)
Start importing Assets/AdventureGame.cs using Guid(b7e44910f24c2f340a1e18cb60f45aa3) Importer(815301076,1909f56bfc062723c751e8b465ee728b)  -> (artifact id: '45a27f018636a546992ef31cd9a8858f') in 0.026723 seconds
  Import took 0.052873 seconds .

========================================================================
Received Import Request.
  Time since last request: 0.132653 seconds.
  path: Assets/AdventureGame.cs
  artifactKey: Guid(b7e44910f24c2f340a1e18cb60f45aa3) Importer(815301076,1909f56bfc062723c751e8b465ee728b)
Start importing Assets/AdventureGame.cs using Guid(b7e44910f24c2f340a1e18cb60f45aa3) Importer(815301076,1909f56bfc062723c751e8b465ee728b)  -> (artifact id: '45a27f018636a546992ef31cd9a8858f') in 0.004575 seconds
  Import took 0.034079 seconds .

========================================================================
Received Import Request.
  Time since last request: 60.329744 seconds.
  path: Assets/Starting State.asset
  artifactKey: Guid(e7e68ea2b38538140b077022a0e5dd29) Importer(815301076,1909f56bfc062723c751e8b465ee728b)
Start importing Assets/Starting State.asset using Guid(e7e68ea2b38538140b077022a0e5dd29) Importer(815301076,1909f56bfc062723c751e8b465ee728b)  -> (artifact id: '4fdad1b9a2fa4cf0931e53fe5e81f09c') in 0.056642 seconds
  Import took 0.059570 seconds .

========================================================================
Received Import Request.
  Time since last request: 225.592646 seconds.
  path: Assets/AdventureGame.cs
  artifactKey: Guid(b7e44910f24c2f340a1e18cb60f45aa3) Importer(815301076,1909f56bfc062723c751e8b465ee728b)
Start importing Assets/AdventureGame.cs using Guid(b7e44910f24c2f340a1e18cb60f45aa3) Importer(815301076,1909f56bfc062723c751e8b465ee728b)  -> (artifact id: '1177cc9a9242f16d1fe6cec45941eaf5') in 0.004086 seconds
  Import took 0.018154 seconds .

========================================================================
Received Prepare
Registering precompiled user dll's ...
Registered in 0.001238 seconds.
Begin MonoManager ReloadAssembly
Native extension for WindowsStandalone target not found
Native extension for WebGL target not found
Refreshing native plugins compatible for Editor in 0.45 ms, found 0 plugins.
Preloading 0 native plugins for Editor in 0.00 ms.
Mono: successfully reloaded assembly
- Completed reload, in  1.240 seconds
Platform modules already initialized, skipping
Refreshing native plugins compatible for Editor in 0.27 ms, found 0 plugins.
Preloading 0 native plugins for Editor in 0.00 ms.
Unloading 1112 Unused Serialized files (Serialized files now loaded: 0)
System memory in use before: 57.2 MB.
System memory in use after: 57.3 MB.

Unloading 5 unused Assets to reduce memory usage. Loaded Objects now: 1593.
Total: 1.824100 ms (FindLiveObjects: 0.160600 ms CreateObjectMapping: 0.031300 ms MarkObjects: 1.559900 ms  DeleteObjects: 0.070900 ms)

========================================================================
Received Import Request.
  Time since last request: 155.634796 seconds.
  path: Assets/AdventureGame.cs
  artifactKey: Guid(b7e44910f24c2f340a1e18cb60f45aa3) Importer(815301076,1909f56bfc062723c751e8b465ee728b)
Start importing Assets/AdventureGame.cs using Guid(b7e44910f24c2f340a1e18cb60f45aa3) Importer(815301076,1909f56bfc062723c751e8b465ee728b)  -> (artifact id: 'a612a5b477091959dd71ba262610f6ec') in 0.011385 seconds
  Import took 0.013913 seconds .

========================================================================
Received Prepare
Registering precompiled user dll's ...
Registered in 0.019592 seconds.
Begin MonoManager ReloadAssembly
Native extension for WindowsStandalone target not found
Native extension for WebGL target not found
Refreshing native plugins compatible for Editor in 0.23 ms, found 0 plugins.
Preloading 0 native plugins for Editor in 0.00 ms.
Mono: successfully reloaded assembly
- Completed reload, in  1.629 seconds
Platform modules already initialized, skipping
Refreshing native plugins compatible for Editor in 0.31 ms, found 0 plugins.
Preloading 0 native plugins for Editor in 0.00 ms.
Unloading 1112 Unused Serialized files (Serialized files now loaded: 0)
System memory in use before: 57.2 MB.
System memory in use after: 57.3 MB.

Unloading 5 unused Assets to reduce memory usage. Loaded Objects now: 1596.
Total: 1.727500 ms (FindLiveObjects: 0.141600 ms CreateObjectMapping: 0.030300 ms MarkObjects: 1.465300 ms  DeleteObjects: 0.089000 ms)

========================================================================
Received Import Request.
  Time since last request: 994.950466 seconds.
  path: Assets/Scripts
  artifactKey: Guid(e294425e067b5c04d9be4c34f3a26d73) Importer(815301076,1909f56bfc062723c751e8b465ee728b)
Start importing Assets/Scripts using Guid(e294425e067b5c04d9be4c34f3a26d73) Importer(815301076,1909f56bfc062723c751e8b465ee728b)  -> (artifact id: 'b23ded210e403e7fab18f48a6a2c16e2') in 0.032969 seconds
  Import took 0.035312 seconds .

========================================================================
Received Prepare
Registering precompiled user dll's ...
Registered in 0.001453 seconds.
Begin MonoManager ReloadAssembly
Native extension for WindowsStandalone target not found
Native extension for WebGL target not found
Refreshing native plugins compatible for Editor in 0.36 ms, found 0 plugins.
Preloading 0 native plugins for Editor in 0.00 ms.
Mono: successfully reloaded assembly
- Completed reload, in  1.092 seconds
Platform modules already initialized, skipping
Refreshing native plugins compatible for Editor in 0.22 ms, found 0 plugins.
Preloading 0 native plugins for Editor in 0.00 ms.
Unloading 1112 Unused Serialized files (Serialized files now loaded: 0)
System memory in use before: 57.2 MB.
System memory in use after: 57.3 MB.

Unloading 5 unused Assets to reduce memory usage. Loaded Objects now: 1599.
Total: 2.694900 ms (FindLiveObjects: 0.134700 ms CreateObjectMapping: 0.030200 ms MarkObjects: 2.448100 ms  DeleteObjects: 0.080400 ms)

========================================================================
Received Import Request.
  Time since last request: 33.484172 seconds.
  path: Assets/States
  artifactKey: Guid(4a8a2c76e6422b24f94b4585a1a7d99c) Importer(815301076,1909f56bfc062723c751e8b465ee728b)
Start importing Assets/States using Guid(4a8a2c76e6422b24f94b4585a1a7d99c) Importer(815301076,1909f56bfc062723c751e8b465ee728b)  -> (artifact id: '9f75732b62c5b14be4d6e6005e4e45a2') in 0.011669 seconds
  Import took 0.030079 seconds .

========================================================================
Received Import Request.
  Time since last request: 34.136928 seconds.
  path: Assets/States/A1.asset
  artifactKey: Guid(e7e68ea2b38538140b077022a0e5dd29) Importer(815301076,1909f56bfc062723c751e8b465ee728b)
Start importing Assets/States/A1.asset using Guid(e7e68ea2b38538140b077022a0e5dd29) Importer(815301076,1909f56bfc062723c751e8b465ee728b)  -> (artifact id: '49bf836407c5683f95a92a6b90705d76') in 0.051473 seconds
  Import took 0.065429 seconds .

========================================================================
Received Import Request.
  Time since last request: 28.807673 seconds.
  path: Assets/States/A2.asset
  artifactKey: Guid(e1a44ae1f78dc7d43a5b277fe44d9608) Importer(815301076,1909f56bfc062723c751e8b465ee728b)
Start importing Assets/States/A2.asset using Guid(e1a44ae1f78dc7d43a5b277fe44d9608) Importer(815301076,1909f56bfc062723c751e8b465ee728b)  -> (artifact id: '4b8ca60783b9524581c5f2ea6ed5b50b') in 0.011289 seconds
  Import took 0.014065 seconds .

========================================================================
Received Import Request.
  Time since last request: 29.495101 seconds.
  path: Assets/States/Game Over
  artifactKey: Guid(9ba40d48ca2f3dd4f9e5a0828a39e606) Importer(815301076,1909f56bfc062723c751e8b465ee728b)
Start importing Assets/States/Game Over using Guid(9ba40d48ca2f3dd4f9e5a0828a39e606) Importer(815301076,1909f56bfc062723c751e8b465ee728b)  -> (artifact id: '4d3454c8d5e1db3a7eeeca2e536f0da2') in 0.010946 seconds
  Import took 0.013206 seconds .

========================================================================
Received Import Request.
  Time since last request: 0.000568 seconds.
  path: Assets/States/Game Over
  artifactKey: Guid(9ba40d48ca2f3dd4f9e5a0828a39e606) Importer(815301076,1909f56bfc062723c751e8b465ee728b)
Start importing Assets/States/Game Over using Guid(9ba40d48ca2f3dd4f9e5a0828a39e606) Importer(815301076,1909f56bfc062723c751e8b465ee728b)  -> (artifact id: '4d3454c8d5e1db3a7eeeca2e536f0da2') in 0.003236 seconds
  Import took 0.005208 seconds .

========================================================================
Received Import Request.
  Time since last request: 8.701194 seconds.
  path: Assets/States/Intro
  artifactKey: Guid(fb78f65068e86804ba4d47fc977ca4bc) Importer(815301076,1909f56bfc062723c751e8b465ee728b)
Start importing Assets/States/Intro using Guid(fb78f65068e86804ba4d47fc977ca4bc) Importer(815301076,1909f56bfc062723c751e8b465ee728b)  -> (artifact id: 'c157871593e3d310a8b49cf8bbb49bba') in 0.010576 seconds
  Import took 0.034939 seconds .

========================================================================
Received Import Request.
  Time since last request: 27.421226 seconds.
  path: Assets/States/Hanger
  artifactKey: Guid(1798f8110b4415f4986703df3b90abb0) Importer(815301076,1909f56bfc062723c751e8b465ee728b)
Start importing Assets/States/Hanger using Guid(1798f8110b4415f4986703df3b90abb0) Importer(815301076,1909f56bfc062723c751e8b465ee728b)  -> (artifact id: 'db112d57a8c7e0070bb1c862b31e8b61') in 0.009081 seconds
  Import took 0.013297 seconds .

========================================================================
Received Import Request.
  Time since last request: 0.000434 seconds.
  path: Assets/States/Hanger
  artifactKey: Guid(1798f8110b4415f4986703df3b90abb0) Importer(815301076,1909f56bfc062723c751e8b465ee728b)
Start importing Assets/States/Hanger using Guid(1798f8110b4415f4986703df3b90abb0) Importer(815301076,1909f56bfc062723c751e8b465ee728b)  -> (artifact id: 'db112d57a8c7e0070bb1c862b31e8b61') in 0.004173 seconds
  Import took 0.006748 seconds .

========================================================================
Received Import Request.
  Time since last request: 34.135556 seconds.
  path: Assets/States/Intro/A0. Introduction.asset
  artifactKey: Guid(e07aba4c5c65f0a4683865442d1297ff) Importer(815301076,1909f56bfc062723c751e8b465ee728b)
Start importing Assets/States/Intro/A0. Introduction.asset using Guid(e07aba4c5c65f0a4683865442d1297ff) Importer(815301076,1909f56bfc062723c751e8b465ee728b)  -> (artifact id: 'ed3d47bca865704d2e40fdee05ee2e2f') in 0.011527 seconds
  Import took 0.014077 seconds .

========================================================================
Received Import Request.
  Time since last request: 190.099602 seconds.
  path: Assets/States/Intro/A0. Introduction.asset
  artifactKey: Guid(e07aba4c5c65f0a4683865442d1297ff) Importer(815301076,1909f56bfc062723c751e8b465ee728b)
Start importing Assets/States/Intro/A0. Introduction.asset using Guid(e07aba4c5c65f0a4683865442d1297ff) Importer(815301076,1909f56bfc062723c751e8b465ee728b)  -> (artifact id: 'c5379119c197fd101c53151adfe06a80') in 0.005620 seconds
  Import took 0.008188 seconds .

========================================================================
Received Import Request.
  Time since last request: 95.659466 seconds.
  path: Assets/States/Game Over/X1. Game Over.asset
  artifactKey: Guid(fa4723617b0d71a4a9c65c3a22750286) Importer(815301076,1909f56bfc062723c751e8b465ee728b)
Start importing Assets/States/Game Over/X1. Game Over.asset using Guid(fa4723617b0d71a4a9c65c3a22750286) Importer(815301076,1909f56bfc062723c751e8b465ee728b)  -> (artifact id: 'e66c845c3d8613286655385a6073570c') in 0.010582 seconds
  Import took 0.035693 seconds .

