Using pre-set license
Built from '2020.3/staging' branch; Version is '2020.3.9f1 (108be757e447) revision 1084391'; Using compiler version '192528614'; Build Type 'Release'
OS: 'Windows 10 Pro; OS build 19042.985; Version 2009; 64bit' Language: 'en' Physical Memory: 16335 MB
BatchMode: 1, IsHumanControllingUs: 0, StartBugReporterOnCrash: 0, Is64bit: 1, IsPro: 0

 COMMAND LINE ARGUMENTS:
F:\Unity\Editor\2020.3.9f1\Editor\Unity.exe
-adb2
-batchMode
-noUpm
-name
AssetImportWorker0
-projectPath
E:/Projects/GitHub/GameDev.tv/Text101/Text101
-logFile
Logs/AssetImportWorker0.log
-srvPort
53411
Successfully changed project path to: E:/Projects/GitHub/GameDev.tv/Text101/Text101
E:/Projects/GitHub/GameDev.tv/Text101/Text101
Using Asset Import Pipeline V2.
Refreshing native plugins compatible for Editor in 28.21 ms, found 0 plugins.
Preloading 0 native plugins for Editor in 0.00 ms.
Initialize engine version: 2020.3.9f1 (108be757e447)
[Subsystems] Discovering subsystems at path F:/Unity/Editor/2020.3.9f1/Editor/Data/Resources/UnitySubsystems
[Subsystems] Discovering subsystems at path E:/Projects/GitHub/GameDev.tv/Text101/Text101/Assets
GfxDevice: creating device client; threaded=0
Direct3D:
    Version:  Direct3D 11.0 [level 11.1]
    Renderer: NVIDIA GeForce GTX 970 (ID=0x13c2)
    Vendor:   
    VRAM:     4043 MB
    Driver:   27.21.14.6627
Initialize mono
Mono path[0] = 'F:/Unity/Editor/2020.3.9f1/Editor/Data/Managed'
Mono path[1] = 'F:/Unity/Editor/2020.3.9f1/Editor/Data/MonoBleedingEdge/lib/mono/unityjit'
Mono config path = 'F:/Unity/Editor/2020.3.9f1/Editor/Data/MonoBleedingEdge/etc'
Using monoOptions --debugger-agent=transport=dt_socket,embedding=1,server=y,suspend=n,address=127.0.0.1:56356
Begin MonoManager ReloadAssembly
Registering precompiled unity dll's ...
Register platform support module: F:/Unity/Editor/2020.3.9f1/Editor/Data/PlaybackEngines/WebGLSupport/UnityEditor.WebGL.Extensions.dll
Register platform support module: F:/Unity/Editor/2020.3.9f1/Editor/Data/PlaybackEngines/WindowsStandaloneSupport/UnityEditor.WindowsStandalone.Extensions.dll
Registered in 0.001990 seconds.
Native extension for WindowsStandalone target not found
Native extension for WebGL target not found
Refreshing native plugins compatible for Editor in 30.98 ms, found 0 plugins.
Preloading 0 native plugins for Editor in 0.00 ms.
Mono: successfully reloaded assembly
- Completed reload, in  3.801 seconds
Platform modules already initialized, skipping
Registering precompiled user dll's ...
Registered in 0.001402 seconds.
Begin MonoManager ReloadAssembly
Native extension for WindowsStandalone target not found
Native extension for WebGL target not found
Refreshing native plugins compatible for Editor in 0.25 ms, found 0 plugins.
Preloading 0 native plugins for Editor in 0.00 ms.
Mono: successfully reloaded assembly
- Completed reload, in  1.186 seconds
Platform modules already initialized, skipping
========================================================================
Worker process is ready to serve import requests
Launched and connected shader compiler UnityShaderCompiler.exe after 0.07 seconds
Refreshing native plugins compatible for Editor in 0.22 ms, found 0 plugins.
Preloading 0 native plugins for Editor in 0.00 ms.
Unloading 1115 Unused Serialized files (Serialized files now loaded: 0)
System memory in use before: 57.1 MB.
System memory in use after: 57.1 MB.

Unloading 10 unused Assets to reduce memory usage. Loaded Objects now: 1558.
Total: 1.793300 ms (FindLiveObjects: 0.151600 ms CreateObjectMapping: 0.029500 ms MarkObjects: 1.520800 ms  DeleteObjects: 0.090200 ms)

========================================================================
Received Import Request.
  path: Assets
  artifactKey: Guid(00000000000000001000000000000000) Importer(815301076,1909f56bfc062723c751e8b465ee728b)
Start importing Assets using Guid(00000000000000001000000000000000) Importer(815301076,1909f56bfc062723c751e8b465ee728b)  -> (artifact id: '42d402b061de3733987d63b9cc3b64de') in 0.005096 seconds
  Import took 1.050717 seconds .

========================================================================
Received Import Request.
  Time since last request: 1164.530902 seconds.
  path: Assets/AdventureGame.cs
  artifactKey: Guid(b7e44910f24c2f340a1e18cb60f45aa3) Importer(815301076,1909f56bfc062723c751e8b465ee728b)
Start importing Assets/AdventureGame.cs using Guid(b7e44910f24c2f340a1e18cb60f45aa3) Importer(815301076,1909f56bfc062723c751e8b465ee728b)  -> (artifact id: '8ccc40dc7b7273b30be2bfa7cf3732e0') in 0.311094 seconds
  Import took 0.329770 seconds .

========================================================================
Received Prepare
Registering precompiled user dll's ...
Registered in 0.001206 seconds.
Begin MonoManager ReloadAssembly
Native extension for WindowsStandalone target not found
Native extension for WebGL target not found
Refreshing native plugins compatible for Editor in 0.24 ms, found 0 plugins.
Preloading 0 native plugins for Editor in 0.00 ms.
Mono: successfully reloaded assembly
- Completed reload, in  1.073 seconds
Platform modules already initialized, skipping
Refreshing native plugins compatible for Editor in 0.36 ms, found 0 plugins.
Preloading 0 native plugins for Editor in 0.00 ms.
Unloading 1111 Unused Serialized files (Serialized files now loaded: 0)
System memory in use before: 57.1 MB.
System memory in use after: 57.1 MB.

Unloading 5 unused Assets to reduce memory usage. Loaded Objects now: 1562.
Total: 1.721000 ms (FindLiveObjects: 0.159400 ms CreateObjectMapping: 0.029700 ms MarkObjects: 1.468000 ms  DeleteObjects: 0.062400 ms)

========================================================================
Received Prepare
Registering precompiled user dll's ...
Registered in 0.001866 seconds.
Begin MonoManager ReloadAssembly
Native extension for WindowsStandalone target not found
Native extension for WebGL target not found
Refreshing native plugins compatible for Editor in 0.23 ms, found 0 plugins.
Preloading 0 native plugins for Editor in 0.00 ms.
Mono: successfully reloaded assembly
- Completed reload, in  1.063 seconds
Platform modules already initialized, skipping
Refreshing native plugins compatible for Editor in 0.22 ms, found 0 plugins.
Preloading 0 native plugins for Editor in 0.00 ms.
Unloading 1111 Unused Serialized files (Serialized files now loaded: 0)
System memory in use before: 57.1 MB.
System memory in use after: 57.1 MB.

Unloading 5 unused Assets to reduce memory usage. Loaded Objects now: 1565.
Total: 1.848300 ms (FindLiveObjects: 0.179400 ms CreateObjectMapping: 0.031300 ms MarkObjects: 1.515000 ms  DeleteObjects: 0.121100 ms)

========================================================================
Received Import Request.
  Time since last request: 1198.993144 seconds.
  path: Assets/AdventureGame.cs
  artifactKey: Guid(b7e44910f24c2f340a1e18cb60f45aa3) Importer(815301076,1909f56bfc062723c751e8b465ee728b)
Start importing Assets/AdventureGame.cs using Guid(b7e44910f24c2f340a1e18cb60f45aa3) Importer(815301076,1909f56bfc062723c751e8b465ee728b)  -> (artifact id: '627279c8a675e123c8a5eaaec5b2a7a9') in 0.005078 seconds
  Import took 0.007127 seconds .

========================================================================
Received Prepare
Registering precompiled user dll's ...
Registered in 0.001363 seconds.
Begin MonoManager ReloadAssembly
Native extension for WindowsStandalone target not found
Native extension for WebGL target not found
Refreshing native plugins compatible for Editor in 0.25 ms, found 0 plugins.
Preloading 0 native plugins for Editor in 0.00 ms.
Mono: successfully reloaded assembly
- Completed reload, in  1.044 seconds
Platform modules already initialized, skipping
Refreshing native plugins compatible for Editor in 0.23 ms, found 0 plugins.
Preloading 0 native plugins for Editor in 0.00 ms.
Unloading 1111 Unused Serialized files (Serialized files now loaded: 0)
System memory in use before: 57.1 MB.
System memory in use after: 57.2 MB.

Unloading 5 unused Assets to reduce memory usage. Loaded Objects now: 1568.
Total: 1.724400 ms (FindLiveObjects: 0.149600 ms CreateObjectMapping: 0.029300 ms MarkObjects: 1.471300 ms  DeleteObjects: 0.072600 ms)

========================================================================
Received Import Request.
  Time since last request: 150240.755507 seconds.
  path: Assets/AdventureGame.cs
  artifactKey: Guid(b7e44910f24c2f340a1e18cb60f45aa3) Importer(815301076,1909f56bfc062723c751e8b465ee728b)
Start importing Assets/AdventureGame.cs using Guid(b7e44910f24c2f340a1e18cb60f45aa3) Importer(815301076,1909f56bfc062723c751e8b465ee728b)  -> (artifact id: '62c3ef807466d4794cb4bf01d523755a') in 3.773701 seconds
  Import took 4.778826 seconds .

========================================================================
Received Import Request.
  Time since last request: 206.431548 seconds.
  path: Assets/First Stage.txt
  artifactKey: Guid(5ce381bc8a7cb254a87b9bcf01591fbf) Importer(815301076,1909f56bfc062723c751e8b465ee728b)
Start importing Assets/First Stage.txt using Guid(5ce381bc8a7cb254a87b9bcf01591fbf) Importer(815301076,1909f56bfc062723c751e8b465ee728b)  -> (artifact id: '382ee1fd2dc335174626df1c241fcff2') in 29.577145 seconds
  Import took 29.624177 seconds .

========================================================================
Received Import Request.
  Time since last request: 0.000234 seconds.
  path: Assets/State.cs
  artifactKey: Guid(29657be082d5b604f8a788978cfa7bdd) Importer(815301076,1909f56bfc062723c751e8b465ee728b)
Start importing Assets/State.cs using Guid(29657be082d5b604f8a788978cfa7bdd) Importer(815301076,1909f56bfc062723c751e8b465ee728b)  -> (artifact id: 'ed9aa7ea1f24ab10ac1cafcc910bfe3f') in 0.039835 seconds
  Import took 0.061540 seconds .

========================================================================
Received Prepare
Registering precompiled user dll's ...
Registered in 0.001417 seconds.
Begin MonoManager ReloadAssembly
Native extension for WindowsStandalone target not found
Native extension for WebGL target not found
Refreshing native plugins compatible for Editor in 0.26 ms, found 0 plugins.
Preloading 0 native plugins for Editor in 0.00 ms.
Mono: successfully reloaded assembly
- Completed reload, in  3.816 seconds
Platform modules already initialized, skipping
Refreshing native plugins compatible for Editor in 0.40 ms, found 0 plugins.
Preloading 0 native plugins for Editor in 0.00 ms.
Unloading 1112 Unused Serialized files (Serialized files now loaded: 0)
System memory in use before: 57.1 MB.
System memory in use after: 57.2 MB.

Unloading 5 unused Assets to reduce memory usage. Loaded Objects now: 1572.
Total: 2.030200 ms (FindLiveObjects: 0.167300 ms CreateObjectMapping: 0.029500 ms MarkObjects: 1.720100 ms  DeleteObjects: 0.111000 ms)

========================================================================
Received Prepare
Registering precompiled user dll's ...
Registered in 0.001361 seconds.
Begin MonoManager ReloadAssembly
Native extension for WindowsStandalone target not found
Native extension for WebGL target not found
Refreshing native plugins compatible for Editor in 0.24 ms, found 0 plugins.
Preloading 0 native plugins for Editor in 0.00 ms.
Mono: successfully reloaded assembly
- Completed reload, in  1.274 seconds
Platform modules already initialized, skipping
Refreshing native plugins compatible for Editor in 0.23 ms, found 0 plugins.
Preloading 0 native plugins for Editor in 0.00 ms.
Unloading 1112 Unused Serialized files (Serialized files now loaded: 0)
System memory in use before: 57.1 MB.
System memory in use after: 57.2 MB.

Unloading 5 unused Assets to reduce memory usage. Loaded Objects now: 1575.
Total: 2.106900 ms (FindLiveObjects: 0.230900 ms CreateObjectMapping: 0.038900 ms MarkObjects: 1.772600 ms  DeleteObjects: 0.062500 ms)

========================================================================
Received Import Request.
  Time since last request: 858.632514 seconds.
  path: Assets/State.cs
  artifactKey: Guid(29657be082d5b604f8a788978cfa7bdd) Importer(815301076,1909f56bfc062723c751e8b465ee728b)
Start importing Assets/State.cs using Guid(29657be082d5b604f8a788978cfa7bdd) Importer(815301076,1909f56bfc062723c751e8b465ee728b)  -> (artifact id: '88f4b3494616169f7c20ba3bb66ce34d') in 0.027613 seconds
  Import took 0.033745 seconds .

========================================================================
Received Import Request.
  Time since last request: 90.700058 seconds.
  path: Assets/Starting State.asset
  artifactKey: Guid(e7e68ea2b38538140b077022a0e5dd29) Importer(815301076,1909f56bfc062723c751e8b465ee728b)
Start importing Assets/Starting State.asset using Guid(e7e68ea2b38538140b077022a0e5dd29) Importer(815301076,1909f56bfc062723c751e8b465ee728b)  -> (artifact id: '52dbbeb589187dfabe52a67e17989c0d') in 0.109633 seconds
  Import took 0.136924 seconds .

========================================================================
Received Prepare
Registering precompiled user dll's ...
Registered in 0.001188 seconds.
Begin MonoManager ReloadAssembly
Native extension for WindowsStandalone target not found
Native extension for WebGL target not found
Refreshing native plugins compatible for Editor in 0.67 ms, found 0 plugins.
Preloading 0 native plugins for Editor in 0.00 ms.
Mono: successfully reloaded assembly
- Completed reload, in  1.088 seconds
Platform modules already initialized, skipping
Refreshing native plugins compatible for Editor in 0.25 ms, found 0 plugins.
Preloading 0 native plugins for Editor in 0.00 ms.
Unloading 1112 Unused Serialized files (Serialized files now loaded: 0)
System memory in use before: 57.2 MB.
System memory in use after: 57.2 MB.

Unloading 5 unused Assets to reduce memory usage. Loaded Objects now: 1578.
Total: 1.870400 ms (FindLiveObjects: 0.176200 ms CreateObjectMapping: 0.033100 ms MarkObjects: 1.599900 ms  DeleteObjects: 0.059800 ms)

========================================================================
Received Import Request.
  Time since last request: 341.611260 seconds.
  path: Assets/State.cs
  artifactKey: Guid(29657be082d5b604f8a788978cfa7bdd) Importer(815301076,1909f56bfc062723c751e8b465ee728b)
Start importing Assets/State.cs using Guid(29657be082d5b604f8a788978cfa7bdd) Importer(815301076,1909f56bfc062723c751e8b465ee728b)  -> (artifact id: 'd235cc90d1f32274b332ca9c4df289cf') in 0.014139 seconds
  Import took 0.045804 seconds .

========================================================================
Received Import Request.
  Time since last request: 52.698385 seconds.
  path: Assets/Starting State.asset
  artifactKey: Guid(e7e68ea2b38538140b077022a0e5dd29) Importer(815301076,1909f56bfc062723c751e8b465ee728b)
Start importing Assets/Starting State.asset using Guid(e7e68ea2b38538140b077022a0e5dd29) Importer(815301076,1909f56bfc062723c751e8b465ee728b)  -> (artifact id: 'a78d684a544bc0ae515f4838dcc8d19d') in 0.032785 seconds
  Import took 0.035766 seconds .

